#
# There is insufficient memory for the Java Runtime Environment to continue.
# Native memory allocation (mmap) failed to map 130023424 bytes. Error detail: G1 virtual space
# Possible reasons:
#   The system is out of physical RAM or swap space
#   This process is running with CompressedOops enabled, and the Java Heap may be blocking the growth of the native heap
# Possible solutions:
#   Reduce memory load on the system
#   Increase physical memory or swap space
#   Check if swap backing store is full
#   Decrease Java heap size (-Xmx/-Xms)
#   Decrease number of Java threads
#   Decrease Java thread stack sizes (-Xss)
#   Set larger code cache with -XX:ReservedCodeCacheSize=
#   JVM is running with Unscaled Compressed Oops mode in which the Java heap is
#     placed in the first 4GB address space. The Java Heap base address is the
#     maximum limit for the native heap growth. Please use -XX:HeapBaseMinAddress
#     to set the Java Heap base and to place the Java Heap above 4GB virtual address.
# This output file may be truncated or incomplete.
#
#  Out of Memory Error (os_windows.cpp:3631), pid=12808, tid=5012
#
# JRE version:  (22.0.2+9) (build )
# Java VM: OpenJDK 64-Bit Server VM (22.0.2+9-FR, mixed mode, sharing, tiered, compressed oops, compressed class ptrs, g1 gc, windows-amd64)
# No core dump will be written. Minidumps are not enabled by default on client versions of Windows
#

---------------  S U M M A R Y ------------

Command Line: -javaagent:C:\Users\Usuario\AppData\Local\JetBrains\IntelliJ IDEA Community Edition 2023.2.5\lib\idea_rt.jar=51233:C:\Users\Usuario\AppData\Local\JetBrains\IntelliJ IDEA Community Edition 2023.2.5\bin -Dfile.encoding=UTF-8 -Dsun.stdout.encoding=UTF-8 -Dsun.stderr.encoding=UTF-8 org.example.Main

Host: 12th Gen Intel(R) Core(TM) i5-12500, 12 cores, 7G,  Windows 11 , 64 bit Build 22621 (10.0.22621.3958)
Time: Fri Oct 25 11:40:31 2024 Hora estándar de Argentina elapsed time: 0.020128 seconds (0d 0h 0m 0s)

---------------  T H R E A D  ---------------

Current thread (0x0000024dea721250):  JavaThread "Unknown thread" [_thread_in_vm, id=5012, stack(0x000000f727200000,0x000000f727300000) (1024K)]

Stack: [0x000000f727200000,0x000000f727300000]
Native frames: (J=compiled Java code, j=interpreted, Vv=VM code, C=native code)
V  [jvm.dll+0x6f7bb9]  (no source info available)
V  [jvm.dll+0x8dc245]  (no source info available)
V  [jvm.dll+0x8de4ae]  (no source info available)
V  [jvm.dll+0x8deb93]  (no source info available)
V  [jvm.dll+0x28d336]  (no source info available)
V  [jvm.dll+0x6f4295]  (no source info available)
V  [jvm.dll+0x6e899a]  (no source info available)
V  [jvm.dll+0x369e6b]  (no source info available)
V  [jvm.dll+0x372386]  (no source info available)
V  [jvm.dll+0x3c4bf6]  (no source info available)
V  [jvm.dll+0x3c4ec8]  (no source info available)
V  [jvm.dll+0x33c86c]  (no source info available)
V  [jvm.dll+0x33d668]  (no source info available)
V  [jvm.dll+0x8a329c]  (no source info available)
V  [jvm.dll+0x3d2271]  (no source info available)
V  [jvm.dll+0x88c17c]  (no source info available)
V  [jvm.dll+0x46b7ae]  (no source info available)
V  [jvm.dll+0x46d5f1]  (no source info available)
C  [jli.dll+0x52ab]  (no source info available)
C  [ucrtbase.dll+0x29333]  (no source info available)
C  [KERNEL32.DLL+0x1257d]  (no source info available)
C  [ntdll.dll+0x5af28]  (no source info available)


---------------  P R O C E S S  ---------------

Threads class SMR info:
_java_thread_list=0x00007ffb6e25c648, length=0, elements={
}

Java Threads: ( => current thread )
Total: 0

Other Threads:
  0x0000024deca66740 WorkerThread "GC Thread#0"                     [id=12120, stack(0x000000f727300000,0x000000f727400000) (1024K)]
  0x0000024deca741c0 ConcurrentGCThread "G1 Main Marker"            [id=11436, stack(0x000000f727400000,0x000000f727500000) (1024K)]
  0x0000024dea7edd50 WorkerThread "G1 Conc#0"                       [id=8768, stack(0x000000f727500000,0x000000f727600000) (1024K)]

[error occurred during error reporting (printing all threads), id 0xc0000005, EXCEPTION_ACCESS_VIOLATION (0xc0000005) at pc=0x00007ffb6d940547]
VM state: not at safepoint (not fully initialized)

VM Mutex/Monitor currently owned by a thread:  ([mutex/lock_event])
[0x00007ffb6e2e0010] Heap_lock - owner thread: 0x0000024dea721250

Heap address: 0x0000000084c00000, size: 1972 MB, Compressed Oops mode: 32-bit

CDS archive(s) mapped at: [0x0000000000000000-0x0000000000000000-0x0000000000000000), size 0, SharedBaseAddress: 0x0000000800000000, ArchiveRelocationMode: 1.
Narrow klass base: 0x0000000000000000, Narrow klass shift: 0, Narrow klass range: 0x0

GC Precious Log:
 CardTable entry size: 512
 Card Set container configuration: InlinePtr #cards 5 size 8 Array Of Cards #cards 12 size 40 Howl #buckets 4 coarsen threshold 1843 Howl Bitmap #cards 512 size 80 coarsen threshold 460 Card regions per heap region 1 cards per card region 2048

Heap:
 garbage-first heap   total reserved 2019328K, committed 0K, used 0K [0x0000000084c00000, 0x0000000100000000)
  region size 1024K, 0 young (0K), 0 survivors (0K)

[error occurred during error reporting (printing heap information), id 0xc0000005, EXCEPTION_ACCESS_VIOLATION (0xc0000005) at pc=0x00007ffb6dd447c9]
GC Heap History (0 events):
No events

Dll operation events (1 events):
Event: 0.015 Loaded shared library C:\Users\Usuario\.jdks\corretto-22.0.2\bin\java.dll

Deoptimization events (0 events):
No events

Classes loaded (0 events):
No events

Classes unloaded (0 events):
No events

Classes redefined (0 events):
No events

Internal exceptions (0 events):
No events

ZGC Phase Switch (0 events):
No events

VM Operations (0 events):
No events

Memory protections (0 events):
No events

Nmethod flushes (0 events):
No events

Events (0 events):
No events


Dynamic libraries:
0x00007ff7b8740000 - 0x00007ff7b874e000 	C:\Users\Usuario\.jdks\corretto-22.0.2\bin\java.exe
0x00007ffbb4bd0000 - 0x00007ffbb4de7000 	C:\Windows\SYSTEM32\ntdll.dll
0x00007ffbb3780000 - 0x00007ffbb3844000 	C:\Windows\System32\KERNEL32.DLL
0x00007ffbb21d0000 - 0x00007ffbb257d000 	C:\Windows\System32\KERNELBASE.dll
0x00007ffbb2010000 - 0x00007ffbb2121000 	C:\Windows\System32\ucrtbase.dll
0x00007ffbadee0000 - 0x00007ffbadef7000 	C:\Users\Usuario\.jdks\corretto-22.0.2\bin\jli.dll
0x00007ffbb3520000 - 0x00007ffbb36ce000 	C:\Windows\System32\USER32.dll
0x00007ffbb21a0000 - 0x00007ffbb21c6000 	C:\Windows\System32\win32u.dll
0x00007ffbb3860000 - 0x00007ffbb3889000 	C:\Windows\System32\GDI32.dll
0x00007ffbb27e0000 - 0x00007ffbb28f9000 	C:\Windows\System32\gdi32full.dll
0x00007ffbb1ef0000 - 0x00007ffbb1f8a000 	C:\Windows\System32\msvcp_win.dll
0x00007ffbadf00000 - 0x00007ffbadf1b000 	C:\Users\Usuario\.jdks\corretto-22.0.2\bin\VCRUNTIME140.dll
0x00007ffb7d250000 - 0x00007ffb7d4e3000 	C:\Windows\WinSxS\amd64_microsoft.windows.common-controls_6595b64144ccf1df_6.0.22621.3672_none_2713b9d173822955\COMCTL32.dll
0x00007ffbb36d0000 - 0x00007ffbb3777000 	C:\Windows\System32\msvcrt.dll
0x00007ffbb49f0000 - 0x00007ffbb4a21000 	C:\Windows\System32\IMM32.DLL
0x00007ffbae210000 - 0x00007ffbae21c000 	C:\Users\Usuario\.jdks\corretto-22.0.2\bin\vcruntime140_1.dll
0x00007ffba9ad0000 - 0x00007ffba9b5d000 	C:\Users\Usuario\.jdks\corretto-22.0.2\bin\msvcp140.dll
0x00007ffb6d5f0000 - 0x00007ffb6e3c1000 	C:\Users\Usuario\.jdks\corretto-22.0.2\bin\server\jvm.dll
0x00007ffbb4880000 - 0x00007ffbb4932000 	C:\Windows\System32\ADVAPI32.dll
0x00007ffbb3890000 - 0x00007ffbb3939000 	C:\Windows\System32\sechost.dll
0x00007ffbb26f0000 - 0x00007ffbb2718000 	C:\Windows\System32\bcrypt.dll
0x00007ffbb3c30000 - 0x00007ffbb3d44000 	C:\Windows\System32\RPCRT4.dll
0x00007ffbb3340000 - 0x00007ffbb33b1000 	C:\Windows\System32\WS2_32.dll
0x00007ffbb1dc0000 - 0x00007ffbb1e0d000 	C:\Windows\SYSTEM32\POWRPROF.dll
0x00007ffbaaaa0000 - 0x00007ffbaaad4000 	C:\Windows\SYSTEM32\WINMM.dll
0x00007ffba6790000 - 0x00007ffba679a000 	C:\Windows\SYSTEM32\VERSION.dll
0x00007ffbb1da0000 - 0x00007ffbb1db3000 	C:\Windows\SYSTEM32\UMPDC.dll
0x00007ffbb0ea0000 - 0x00007ffbb0eb8000 	C:\Windows\SYSTEM32\kernel.appcore.dll
0x00007ffbaded0000 - 0x00007ffbadeda000 	C:\Users\Usuario\.jdks\corretto-22.0.2\bin\jimage.dll
0x00007ffbaf730000 - 0x00007ffbaf962000 	C:\Windows\SYSTEM32\DBGHELP.DLL
0x00007ffbb3f10000 - 0x00007ffbb429e000 	C:\Windows\System32\combase.dll
0x00007ffbb33c0000 - 0x00007ffbb3497000 	C:\Windows\System32\OLEAUT32.dll
0x00007ffb853d0000 - 0x00007ffb85402000 	C:\Windows\SYSTEM32\dbgcore.DLL
0x00007ffbb1f90000 - 0x00007ffbb200b000 	C:\Windows\System32\bcryptPrimitives.dll
0x00007ffbab5b0000 - 0x00007ffbab5be000 	C:\Users\Usuario\.jdks\corretto-22.0.2\bin\instrument.dll
0x00007ffbadeb0000 - 0x00007ffbadece000 	C:\Users\Usuario\.jdks\corretto-22.0.2\bin\java.dll
0x00007ffbb2ad0000 - 0x00007ffbb3337000 	C:\Windows\System32\SHELL32.dll
0x00007ffbb2920000 - 0x00007ffbb2ac5000 	C:\Windows\System32\ole32.dll

dbghelp: loaded successfully - version: 4.0.5 - missing functions: none
symbol engine: initialized successfully - sym options: 0x614 - pdb path: .;C:\Users\Usuario\.jdks\corretto-22.0.2\bin;C:\Windows\SYSTEM32;C:\Windows\WinSxS\amd64_microsoft.windows.common-controls_6595b64144ccf1df_6.0.22621.3672_none_2713b9d173822955;C:\Users\Usuario\.jdks\corretto-22.0.2\bin\server

VM Arguments:
jvm_args: -javaagent:C:\Users\Usuario\AppData\Local\JetBrains\IntelliJ IDEA Community Edition 2023.2.5\lib\idea_rt.jar=51233:C:\Users\Usuario\AppData\Local\JetBrains\IntelliJ IDEA Community Edition 2023.2.5\bin -Dfile.encoding=UTF-8 -Dsun.stdout.encoding=UTF-8 -Dsun.stderr.encoding=UTF-8 
java_command: org.example.Main
java_class_path (initial): C:\Users\Usuario\Desktop\Projectos\ProyectoJuegoJava\ProjectoFinal\Final\target\classes;C:\Users\Usuario\.m2\repository\org\json\json\20210307\json-20210307.jar
Launcher Type: SUN_STANDARD

[Global flags]
     intx CICompilerCount                          = 4                                         {product} {ergonomic}
     uint ConcGCThreads                            = 3                                         {product} {ergonomic}
     uint G1ConcRefinementThreads                  = 10                                        {product} {ergonomic}
   size_t G1HeapRegionSize                         = 1048576                                   {product} {ergonomic}
   size_t InitialHeapSize                          = 130023424                                 {product} {ergonomic}
   size_t MarkStackSize                            = 4194304                                   {product} {ergonomic}
   size_t MaxHeapSize                              = 2067791872                                {product} {ergonomic}
   size_t MinHeapDeltaBytes                        = 1048576                                   {product} {ergonomic}
   size_t MinHeapSize                              = 8388608                                   {product} {ergonomic}
    uintx NonNMethodCodeHeapSize                   = 5839372                                {pd product} {ergonomic}
    uintx NonProfiledCodeHeapSize                  = 122909434                              {pd product} {ergonomic}
    uintx ProfiledCodeHeapSize                     = 122909434                              {pd product} {ergonomic}
    uintx ReservedCodeCacheSize                    = 251658240                              {pd product} {ergonomic}
     bool SegmentedCodeCache                       = true                                      {product} {ergonomic}
   size_t SoftMaxHeapSize                          = 2067791872                             {manageable} {ergonomic}
     bool UseCompressedOops                        = true                           {product lp64_product} {ergonomic}
     bool UseG1GC                                  = true                                      {product} {ergonomic}
     bool UseLargePagesIndividualAllocation        = false                                  {pd product} {ergonomic}

Logging:
Log output configuration:
 #0: stdout all=warning uptime,level,tags foldmultilines=false
 #1: stderr all=off uptime,level,tags foldmultilines=false

Environment Variables:
PATH=C:\Program Files\Common Files\Oracle\Java\javapath;C:\Windows\system32;C:\Windows;C:\Windows\System32\Wbem;C:\Windows\System32\WindowsPowerShell\v1.0\;C:\Windows\System32\OpenSSH\;C:\Users\Usuario\Documents\apache-maven-3.9.5\bin;C:\Program Files\nodejs\;C:\Program Files\Inkscape\bin;C:\Program Files\dotnet\;C:\Users\Usuario\AppData\Local\Microsoft\WindowsApps;C:\Users\Usuario\AppData\Local\JetBrains\IntelliJ IDEA Community Edition 2023.2.5\bin;;C:\Users\Usuario\AppData\Roaming\npm;C:\Users\Usuario\AppData\Local\Programs\Git\cmd;C:\Users\Usuario\AppData\Local\Programs\Microsoft VS Code\bin
USERNAME=Usuario
OS=Windows_NT
PROCESSOR_IDENTIFIER=Intel64 Family 6 Model 151 Stepping 5, GenuineIntel
TMP=C:\Users\Usuario\AppData\Local\Temp
TEMP=C:\Users\Usuario\AppData\Local\Temp




Periodic native trim disabled

---------------  S Y S T E M  ---------------

OS:
 Windows 11 , 64 bit Build 22621 (10.0.22621.3958)
OS uptime: 0 days 1:21 hours
Hyper-V role detected

CPU: total 12 (initial active 12) (6 cores per cpu, 2 threads per core) family 6 model 151 stepping 5 microcode 0x36, cx8, cmov, fxsr, ht, mmx, 3dnowpref, sse, sse2, sse3, ssse3, sse4.1, sse4.2, popcnt, lzcnt, tsc, tscinvbit, avx, avx2, aes, erms, clmul, bmi1, bmi2, adx, sha, fma, vzeroupper, clflush, clflushopt, clwb, hv, serialize, rdtscp, rdpid, fsrm, f16c, cet_ibt, cet_ss
Processor Information for all 12 processors :
  Max Mhz: 3000, Current Mhz: 3000, Mhz Limit: 3000

Memory: 4k page, system-wide physical 7880M (509M free)
TotalPageFile size 9800M (AvailPageFile size 73M)
current process WorkingSet (physical memory assigned to process): 12M, peak: 12M
current process commit charge ("private bytes"): 64M, peak: 188M

vm_info: OpenJDK 64-Bit Server VM (22.0.2+9-FR) for windows-amd64 JRE (22.0.2+9-FR), built on 2024-07-09T01:10:09Z by "Administrator" with MS VC++ 16.10 / 16.11 (VS2019)

END.
